Build started 8/3/2014 7:56:33 PM.
     1>Project "C:\Users\Kyle Cancio\Documents\Visual Studio 2012\Projects\Project19_rice\Project19\Project19.vcxproj" on node 2 (Build target(s)).
     1>ClCompile:
         C:\Program Files (x86)\Microsoft Visual Studio 11.0\VC\bin\CL.exe /c /ZI /nologo /W3 /WX- /sdl /Od /Oy- /D _MBCS /Gm /EHsc /RTC1 /MDd /GS /fp:precise /Zc:wchar_t /Zc:forScope /Fo"Debug\\" /Fd"Debug\vc110.pdb" /Gd /TP /analyze- /errorReport:prompt Source.cpp
         Source.cpp
     1>c:\users\kyle cancio\documents\visual studio 2012\projects\project19_rice\project19\source.cpp(59): error C2065: 'cout' : undeclared identifier
     1>c:\users\kyle cancio\documents\visual studio 2012\projects\project19_rice\project19\source.cpp(60): error C2065: 'cin' : undeclared identifier
     1>c:\users\kyle cancio\documents\visual studio 2012\projects\project19_rice\project19\source.cpp(61): error C2065: 'cout' : undeclared identifier
     1>c:\users\kyle cancio\documents\visual studio 2012\projects\project19_rice\project19\source.cpp(61): error C2065: 'endl' : undeclared identifier
     1>c:\users\kyle cancio\documents\visual studio 2012\projects\project19_rice\project19\source.cpp(62): error C2065: 'cout' : undeclared identifier
     1>c:\users\kyle cancio\documents\visual studio 2012\projects\project19_rice\project19\source.cpp(62): error C2065: 'endl' : undeclared identifier
     1>c:\users\kyle cancio\documents\visual studio 2012\projects\project19_rice\project19\source.cpp(64): error C2065: 'cout' : undeclared identifier
     1>c:\users\kyle cancio\documents\visual studio 2012\projects\project19_rice\project19\source.cpp(64): error C2065: 'endl' : undeclared identifier
     1>c:\users\kyle cancio\documents\visual studio 2012\projects\project19_rice\project19\source.cpp(67): error C2065: 'cout' : undeclared identifier
     1>c:\users\kyle cancio\documents\visual studio 2012\projects\project19_rice\project19\source.cpp(73): error C2065: 'cout' : undeclared identifier
     1>c:\users\kyle cancio\documents\visual studio 2012\projects\project19_rice\project19\source.cpp(75): error C2065: 'cout' : undeclared identifier
     1>c:\users\kyle cancio\documents\visual studio 2012\projects\project19_rice\project19\source.cpp(75): error C2065: 'endl' : undeclared identifier
     1>Done Building Project "C:\Users\Kyle Cancio\Documents\Visual Studio 2012\Projects\Project19_rice\Project19\Project19.vcxproj" (Build target(s)) -- FAILED.

Build FAILED.

Time Elapsed 00:00:01.54
